# JRE version: Java(TM) SE Runtime Environment (8.0_45-b14) (build 1.8.0_45-b14)
# Java VM: Java HotSpot(TM) 64-Bit Server VM (25.45-b02 mixed mode bsd-amd64 compressed oops)
Heap:
 PSYoungGen      total 165888K, used 147377K [0x0000000158200000, 0x0000000165300000, 0x0000000178200000)
  eden space 156160K, 88% used [0x0000000158200000,0x00000001608c8db0,0x0000000161a80000)
  from space 9728K, 96% used [0x0000000164980000,0x00000001652a36e0,0x0000000165300000)
  to   space 10752K, 0% used [0x0000000163e00000,0x0000000163e00000,0x0000000164880000)
 ParOldGen       total 47616K, used 10177K [0x0000000118200000, 0x000000011b080000, 0x0000000158200000)
  object space 47616K, 21% used [0x0000000118200000,0x0000000118bf0468,0x000000011b080000)
 Metaspace       used 33534K, capacity 33858K, committed 34304K, reserved 1079296K
  class space    used 4167K, capacity 4250K, committed 4352K, reserved 1048576K
GC Heap History (10 events):
Event: 2.860 GC heap before
{Heap before GC invocations=5 (full 0):
 PSYoungGen      total 53248K, used 53233K [0x0000000158200000, 0x000000015ba00000, 0x0000000178200000)
  eden space 49152K, 100% used [0x0000000158200000,0x000000015b200000,0x000000015b200000)
  from space 4096K, 99% used [0x000000015b600000,0x000000015b9fc7c8,0x000000015ba00000)
  to   space 4096K, 0% used [0x000000015b200000,0x000000015b200000,0x000000015b600000)
 ParOldGen       total 65536K, used 12492K [0x0000000118200000, 0x000000011c200000, 0x0000000158200000)
  object space 65536K, 19% used [0x0000000118200000,0x0000000118e332a8,0x000000011c200000)
 Metaspace       used 18511K, capacity 18720K, committed 18944K, reserved 1067008K
  class space    used 2246K, capacity 2293K, committed 2304K, reserved 1048576K
Event: 2.872 GC heap after
Heap after GC invocations=5 (full 0):
 PSYoungGen      total 53248K, used 4065K [0x0000000158200000, 0x000000015f200000, 0x0000000178200000)
  eden space 49152K, 0% used [0x0000000158200000,0x0000000158200000,0x000000015b200000)
  from space 4096K, 99% used [0x000000015b200000,0x000000015b5f87d8,0x000000015b600000)
  to   space 8192K, 0% used [0x000000015ea00000,0x000000015ea00000,0x000000015f200000)
 ParOldGen       total 65536K, used 15639K [0x0000000118200000, 0x000000011c200000, 0x0000000158200000)
  object space 65536K, 23% used [0x0000000118200000,0x0000000119145c20,0x000000011c200000)
 Metaspace       used 18511K, capacity 18720K, committed 18944K, reserved 1067008K
  class space    used 2246K, capacity 2293K, committed 2304K, reserved 1048576K
}
Event: 3.367 GC heap before
{Heap before GC invocations=6 (full 0):
 PSYoungGen      total 53248K, used 53217K [0x0000000158200000, 0x000000015f200000, 0x0000000178200000)
  eden space 49152K, 100% used [0x0000000158200000,0x000000015b200000,0x000000015b200000)
  from space 4096K, 99% used [0x000000015b200000,0x000000015b5f87d8,0x000000015b600000)
  to   space 8192K, 0% used [0x000000015ea00000,0x000000015ea00000,0x000000015f200000)
 ParOldGen       total 65536K, used 15639K [0x0000000118200000, 0x000000011c200000, 0x0000000158200000)
  object space 65536K, 23% used [0x0000000118200000,0x0000000119145c20,0x000000011c200000)
 Metaspace       used 19201K, capacity 19410K, committed 19584K, reserved 1067008K
  class space    used 2348K, capacity 2392K, committed 2432K, reserved 1048576K
Event: 3.388 GC heap after
Heap after GC invocations=6 (full 0):
 PSYoungGen      total 105472K, used 8191K [0x0000000158200000, 0x000000015f400000, 0x0000000178200000)
  eden space 97280K, 0% used [0x0000000158200000,0x0000000158200000,0x000000015e100000)
  from space 8192K, 99% used [0x000000015ea00000,0x000000015f1ffcd8,0x000000015f200000)
  to   space 9216K, 0% used [0x000000015e100000,0x000000015e100000,0x000000015ea00000)
 ParOldGen       total 65536K, used 16799K [0x0000000118200000, 0x000000011c200000, 0x0000000158200000)
  object space 65536K, 25% used [0x0000000118200000,0x0000000119267cb0,0x000000011c200000)
 Metaspace       used 19201K, capacity 19410K, committed 19584K, reserved 1067008K
  class space    used 2348K, capacity 2392K, committed 2432K, reserved 1048576K
}
Event: 3.902 GC heap before
{Heap before GC invocations=7 (full 0):
 PSYoungGen      total 105472K, used 28454K [0x0000000158200000, 0x000000015f400000, 0x0000000178200000)
  eden space 97280K, 20% used [0x0000000158200000,0x00000001595c9d90,0x000000015e100000)
  from space 8192K, 99% used [0x000000015ea00000,0x000000015f1ffcd8,0x000000015f200000)
  to   space 9216K, 0% used [0x000000015e100000,0x000000015e100000,0x000000015ea00000)
 ParOldGen       total 65536K, used 16799K [0x0000000118200000, 0x000000011c200000, 0x0000000158200000)
  object space 65536K, 25% used [0x0000000118200000,0x0000000119267cb0,0x000000011c200000)
 Metaspace       used 20829K, capacity 21060K, committed 21296K, reserved 1069056K
  class space    used 2550K, capacity 2619K, committed 2688K, reserved 1048576K
Event: 3.915 GC heap after
Heap after GC invocations=7 (full 0):
 PSYoungGen      total 106496K, used 4087K [0x0000000158200000, 0x0000000165300000, 0x0000000178200000)
  eden space 97280K, 0% used [0x0000000158200000,0x0000000158200000,0x000000015e100000)
  from space 9216K, 44% used [0x000000015e100000,0x000000015e4fde18,0x000000015ea00000)
  to   space 9728K, 0% used [0x0000000164980000,0x0000000164980000,0x0000000165300000)
 ParOldGen       total 65536K, used 19048K [0x0000000118200000, 0x000000011c200000, 0x0000000158200000)
  object space 65536K, 29% used [0x0000000118200000,0x000000011949a000,0x000000011c200000)
 Metaspace       used 20829K, capacity 21060K, committed 21296K, reserved 1069056K
  class space    used 2550K, capacity 2619K, committed 2688K, reserved 1048576K
}
Event: 3.915 GC heap before
{Heap before GC invocations=8 (full 1):
 PSYoungGen      total 106496K, used 4087K [0x0000000158200000, 0x0000000165300000, 0x0000000178200000)
  eden space 97280K, 0% used [0x0000000158200000,0x0000000158200000,0x000000015e100000)
  from space 9216K, 44% used [0x000000015e100000,0x000000015e4fde18,0x000000015ea00000)
  to   space 9728K, 0% used [0x0000000164980000,0x0000000164980000,0x0000000165300000)
 ParOldGen       total 65536K, used 19048K [0x0000000118200000, 0x000000011c200000, 0x0000000158200000)
  object space 65536K, 29% used [0x0000000118200000,0x000000011949a000,0x000000011c200000)
 Metaspace       used 20829K, capacity 21060K, committed 21296K, reserved 1069056K
  class space    used 2550K, capacity 2619K, committed 2688K, reserved 1048576K
Event: 3.968 GC heap after
Heap after GC invocations=8 (full 1):
 PSYoungGen      total 106496K, used 0K [0x0000000158200000, 0x0000000165300000, 0x0000000178200000)
  eden space 97280K, 0% used [0x0000000158200000,0x0000000158200000,0x000000015e100000)
  from space 9216K, 0% used [0x000000015e100000,0x000000015e100000,0x000000015ea00000)
  to   space 9728K, 0% used [0x0000000164980000,0x0000000164980000,0x0000000165300000)
 ParOldGen       total 47616K, used 10169K [0x0000000118200000, 0x000000011b080000, 0x0000000158200000)
  object space 47616K, 21% used [0x0000000118200000,0x0000000118bee468,0x000000011b080000)
 Metaspace       used 20829K, capacity 21060K, committed 21296K, reserved 1069056K
  class space    used 2550K, capacity 2619K, committed 2688K, reserved 1048576K
}
Event: 6.186 GC heap before
{Heap before GC invocations=9 (full 1):
 PSYoungGen      total 106496K, used 97280K [0x0000000158200000, 0x0000000165300000, 0x0000000178200000)
  eden space 97280K, 100% used [0x0000000158200000,0x000000015e100000,0x000000015e100000)
  from space 9216K, 0% used [0x000000015e100000,0x000000015e100000,0x000000015ea00000)
  to   space 9728K, 0% used [0x0000000164980000,0x0000000164980000,0x0000000165300000)
 ParOldGen       total 47616K, used 10169K [0x0000000118200000, 0x000000011b080000, 0x0000000158200000)
  object space 47616K, 21% used [0x0000000118200000,0x0000000118bee468,0x000000011b080000)
 Metaspace       used 26806K, capacity 27048K, committed 27520K, reserved 1073152K
  class space    used 3288K, capacity 3329K, committed 3456K, reserved 1048576K
Event: 6.201 GC heap after
Heap after GC invocations=9 (full 1):
 PSYoungGen      total 165888K, used 9357K [0x0000000158200000, 0x0000000165300000, 0x0000000178200000)
  eden space 156160K, 0% used [0x0000000158200000,0x0000000158200000,0x0000000161a80000)
  from space 9728K, 96% used [0x0000000164980000,0x00000001652a36e0,0x0000000165300000)
  to   space 10752K, 0% used [0x0000000163e00000,0x0000000163e00000,0x0000000164880000)
 ParOldGen       total 47616K, used 10177K [0x0000000118200000, 0x000000011b080000, 0x0000000158200000)
  object space 47616K, 21% used [0x0000000118200000,0x0000000118bf0468,0x000000011b080000)
 Metaspace       used 26806K, capacity 27048K, committed 27520K, reserved 1073152K
  class space    used 3288K, capacity 3329K, committed 3456K, reserved 1048576K
}

